<?xml version="1.0" encoding="UTF-8"?>
<!-- Generated by org.testng.reporters.JUnitXMLReporter -->
<testsuite hostname="User-PC" ignored="0" name="Free CRM App  Test Cases" tests="6" failures="1" timestamp="01 Nov 2018 04:31:41 GMT" time="79.703" errors="0">
  <testcase name="loginPageTitleTest" time="0.123" classname="com.crm.qa.testcases.LoginPageTest"/>
  <testcase name="verifyHomePageTitleTest" time="0.012" classname="com.crm.qa.testcases.HomePageTest"/>
  <testcase name="crmLogoImageTest" time="0.06" classname="com.crm.qa.testcases.LoginPageTest"/>
  <testcase name="verifyUserNameLabel" time="0.713" classname="com.crm.qa.testcases.HomePageTest">
    <failure type="java.lang.Error" message="Unresolved compilation problem: 
	The type WebEventListener must implement the inherited abstract method WebDriverEventListener.beforeGetText(WebElement, WebDriver)
">
      <![CDATA[java.lang.Error: Unresolved compilation problem: 
The type WebEventListener must implement the inherited abstract method WebDriverEventListener.beforeGetText(WebElement, WebDriver)

at com.crm.qa.util.WebEventListener.beforeGetText(WebEventListener.java:21)
at org.openqa.selenium.support.events.EventFiringWebDriver.lambda$new$0(EventFiringWebDriver.java:84)
at com.sun.proxy.$Proxy7.beforeGetText(Unknown Source)
at org.openqa.selenium.support.events.EventFiringWebDriver$EventFiringWebElement.getText(EventFiringWebDriver.java:461)
at org.openqa.selenium.support.pagefactory.internal.LocatingElementHandler.invoke(LocatingElementHandler.java:51)
at com.sun.proxy.$Proxy13.getText(Unknown Source)
at com.crm.qa.pages.HomePage.verifyCorrectUserName(HomePage.java:38)
at com.crm.qa.testcases.HomePageTest.verifyUserNameLabel(HomePageTest.java:38)
... Removed 33 stack frames]]>
    </failure>
  </testcase> <!-- verifyUserNameLabel -->
  <testcase name="loginTest" time="4.993" classname="com.crm.qa.testcases.LoginPageTest"/>
  <testcase name="verifyContactLink" time="3.266" classname="com.crm.qa.testcases.HomePageTest"/>
</testsuite> <!-- Free CRM App  Test Cases -->
